2025-09-13T03:35:01.749Z: === FLUID DEBUG SESSION START ===
2025-09-13T03:35:01.752Z: Container dimensions: 1272x674
2025-09-13T03:35:01.781Z: WebGL context created successfully
2025-09-13T03:35:01.909Z: webgl-fluid-enhanced library loaded successfully
2025-09-13T03:35:01.910Z: Investigating available API methods...
2025-09-13T03:35:01.910Z: Module default: function
2025-09-13T03:35:01.910Z: Available methods: constructor, start, stop, togglePause, multipleSplats, splatAtLocation, downloadScreenshot, setConfig
2025-09-13T03:35:01.910Z: Static methods: length, name, prototype
2025-09-13T03:35:01.910Z: Creating fluid instance with working constructor
2025-09-13T03:35:02.037Z: Fluid instance created successfully
2025-09-13T03:35:02.038Z: Container children before config: 1
2025-09-13T03:35:02.038Z: Number of canvas elements: 1
2025-09-13T03:35:02.038Z: Canvas 0: 1908x1011, style: 100%x100%
2025-09-13T03:35:02.038Z: Setting config: {
  "simResolution": 128,
  "dyeResolution": 256,
  "velocityDissipation": 0.99,
  "densityDissipation": 0.95,
  "pressure": 0.8,
  "curl": 0,
  "splatRadius": 0.05,
  "splatForce": 100,
  "bloom": false,
  "sunrays": false,
  "colorPalette": [
    "#010000"
  ],
  "colorful": false,
  "colorUpdateSpeed": 0,
  "brightness": 0.1,
  "transparent": false,
  "hover": false,
  "backgroundColor": "#000000"
}
2025-09-13T03:35:02.038Z: Config applied successfully
2025-09-13T03:35:02.038Z: Starting fluid simulation
2025-09-13T03:35:04.426Z: Click coordinates: (637.00, 322.00)
2025-09-13T03:35:04.426Z: Velocity: (-2.54, 9.36)
2025-09-13T03:35:04.427Z: Splat created with raw coordinates (no compensation)
2025-09-13T03:35:06.158Z: Click coordinates: (920.00, 352.00)
2025-09-13T03:35:06.158Z: Velocity: (-7.54, -7.57)
2025-09-13T03:35:06.158Z: Splat created with raw coordinates (no compensation)
2025-09-13T03:35:07.831Z: Click coordinates: (706.00, 244.00)
2025-09-13T03:35:07.831Z: Velocity: (9.63, -6.20)
2025-09-13T03:35:07.832Z: Splat created with raw coordinates (no compensation)
2025-09-13T03:35:08.563Z: Click coordinates: (620.00, 204.00)
2025-09-13T03:35:08.563Z: Velocity: (-1.08, -9.78)
2025-09-13T03:35:08.563Z: Splat created with raw coordinates (no compensation)
2025-09-13T03:35:09.447Z: Click coordinates: (343.00, 489.00)
2025-09-13T03:35:09.447Z: Velocity: (-3.16, 9.26)
2025-09-13T03:35:09.448Z: Splat created with raw coordinates (no compensation)
2025-09-13T03:35:10.243Z: Click coordinates: (65.00, 342.00)
2025-09-13T03:35:10.243Z: Velocity: (8.56, 0.58)
2025-09-13T03:35:10.244Z: Splat created with raw coordinates (no compensation)
2025-09-13T03:35:11.164Z: Click coordinates: (500.00, 362.00)
2025-09-13T03:35:11.164Z: Velocity: (-5.52, -8.26)
2025-09-13T03:35:11.164Z: Splat created with raw coordinates (no compensation)
2025-09-13T03:35:11.759Z: Click coordinates: (836.00, 380.00)
2025-09-13T03:35:11.759Z: Velocity: (-1.16, 6.09)
2025-09-13T03:35:11.760Z: Splat created with raw coordinates (no compensation)
2025-09-13T03:35:12.323Z: Click coordinates: (1034.00, 392.00)
2025-09-13T03:35:12.323Z: Velocity: (-2.61, 7.10)
2025-09-13T03:35:12.324Z: Splat created with raw coordinates (no compensation)
2025-09-13T03:35:13.573Z: Click coordinates: (923.00, 297.00)
2025-09-13T03:35:13.573Z: Velocity: (-3.50, 5.42)
2025-09-13T03:35:13.573Z: Splat created with raw coordinates (no compensation)
2025-09-13T03:35:15.853Z: Click coordinates: (810.00, 246.00)
2025-09-13T03:35:15.854Z: Velocity: (9.60, 8.43)
2025-09-13T03:35:15.854Z: Splat created with raw coordinates (no compensation)
2025-09-13T03:35:16.675Z: Click coordinates: (758.00, 214.00)
2025-09-13T03:35:16.675Z: Velocity: (-8.43, 0.52)
2025-09-13T03:35:16.675Z: Splat created with raw coordinates (no compensation)
2025-09-13T03:35:17.406Z: Click coordinates: (840.00, 280.00)
2025-09-13T03:35:17.406Z: Velocity: (-8.45, -3.04)
2025-09-13T03:35:17.406Z: Splat created with raw coordinates (no compensation)
2025-09-13T03:35:18.262Z: Click coordinates: (874.00, 428.00)
2025-09-13T03:35:18.262Z: Velocity: (-9.48, -1.20)
2025-09-13T03:35:18.262Z: Splat created with raw coordinates (no compensation)
2025-09-13T03:35:19.162Z: Click coordinates: (894.00, 277.00)
2025-09-13T03:35:19.162Z: Velocity: (4.89, -1.36)
2025-09-13T03:35:19.162Z: Splat created with raw coordinates (no compensation)
2025-09-13T03:35:20.197Z: Click coordinates: (785.00, 154.00)
2025-09-13T03:35:20.197Z: Velocity: (-5.07, -2.28)
2025-09-13T03:35:20.198Z: Splat created with raw coordinates (no compensation)
2025-09-13T03:35:21.008Z: Click coordinates: (870.00, 295.00)
2025-09-13T03:35:21.008Z: Velocity: (-7.67, -3.50)
2025-09-13T03:35:21.008Z: Splat created with raw coordinates (no compensation)
2025-09-13T03:35:21.761Z: Click coordinates: (989.00, 435.00)
2025-09-13T03:35:21.761Z: Velocity: (3.88, -9.08)
2025-09-13T03:35:21.761Z: Splat created with raw coordinates (no compensation)
2025-09-13T03:35:22.419Z: Click coordinates: (809.00, 358.00)
2025-09-13T03:35:22.419Z: Velocity: (-4.29, -3.13)
2025-09-13T03:35:22.420Z: Splat created with raw coordinates (no compensation)
2025-09-13T03:35:23.290Z: Click coordinates: (831.00, 307.00)
2025-09-13T03:35:23.290Z: Velocity: (8.49, -9.38)
2025-09-13T03:35:23.290Z: Splat created with raw coordinates (no compensation)
2025-09-13T03:35:24.167Z: Click coordinates: (924.00, 454.00)
2025-09-13T03:35:24.167Z: Velocity: (5.94, 0.32)
2025-09-13T03:35:24.167Z: Splat created with raw coordinates (no compensation)
2025-09-13T03:35:27.036Z: Click coordinates: (930.00, 425.00)
2025-09-13T03:35:27.036Z: Velocity: (-5.59, 3.18)
2025-09-13T03:35:27.036Z: Splat created with raw coordinates (no compensation)
2025-09-13T03:35:28.374Z: Click coordinates: (974.00, 312.00)
2025-09-13T03:35:28.375Z: Velocity: (-5.89, 3.29)
2025-09-13T03:35:28.375Z: Splat created with raw coordinates (no compensation)
2025-09-13T03:35:29.128Z: Click coordinates: (992.00, 404.00)
2025-09-13T03:35:29.129Z: Velocity: (-9.70, -0.02)
2025-09-13T03:35:29.129Z: Splat created with raw coordinates (no compensation)
2025-09-13T03:35:59.549Z: Click coordinates: (981.00, 331.00)
2025-09-13T03:35:59.549Z: Velocity: (-3.63, -1.44)
2025-09-13T03:35:59.549Z: Splat created with raw coordinates (no compensation)
2025-09-13T03:36:00.629Z: Click coordinates: (918.00, 154.00)
2025-09-13T03:36:00.629Z: Velocity: (-8.51, 0.41)
2025-09-13T03:36:00.629Z: Splat created with raw coordinates (no compensation)
2025-09-13T03:36:01.698Z: Click coordinates: (634.00, 473.00)
2025-09-13T03:36:01.698Z: Velocity: (-4.22, 5.59)
2025-09-13T03:36:01.698Z: Splat created with raw coordinates (no compensation)
2025-09-13T03:36:02.496Z: Click coordinates: (496.00, 318.00)
2025-09-13T03:36:02.496Z: Velocity: (-6.46, 9.39)
2025-09-13T03:36:02.496Z: Splat created with raw coordinates (no compensation)
2025-09-13T03:36:03.115Z: Click coordinates: (698.00, 168.00)
2025-09-13T03:36:03.115Z: Velocity: (0.34, -1.61)
2025-09-13T03:36:03.115Z: Splat created with raw coordinates (no compensation)
2025-09-13T03:36:03.621Z: Click coordinates: (771.00, 94.00)
2025-09-13T03:36:03.621Z: Velocity: (-4.40, -8.08)
2025-09-13T03:36:03.621Z: Splat created with raw coordinates (no compensation)
2025-09-13T03:36:04.579Z: Click coordinates: (805.00, 201.00)
2025-09-13T03:36:04.579Z: Velocity: (-8.93, 7.16)
2025-09-13T03:36:04.579Z: Splat created with raw coordinates (no compensation)
2025-09-13T03:36:05.208Z: Click coordinates: (805.00, 468.00)
2025-09-13T03:36:05.208Z: Velocity: (9.81, 4.56)
2025-09-13T03:36:05.208Z: Splat created with raw coordinates (no compensation)
2025-09-13T03:36:06.052Z: Click coordinates: (876.00, 455.00)
2025-09-13T03:36:06.052Z: Velocity: (1.74, 8.18)
2025-09-13T03:36:06.052Z: Splat created with raw coordinates (no compensation)
2025-09-13T03:36:07.458Z: Click coordinates: (886.00, 448.00)
2025-09-13T03:36:07.458Z: Velocity: (2.60, -8.97)
2025-09-13T03:36:07.458Z: Splat created with raw coordinates (no compensation)
2025-09-13T03:36:09.450Z: Click coordinates: (885.00, 448.00)
2025-09-13T03:36:09.450Z: Velocity: (-2.07, 2.12)
2025-09-13T03:36:09.450Z: Splat created with raw coordinates (no compensation)
2025-09-13T03:36:18.996Z: Click coordinates: (556.00, 401.00)
2025-09-13T03:36:18.996Z: Velocity: (8.14, 3.76)
2025-09-13T03:36:18.997Z: Splat created with raw coordinates (no compensation)
2025-09-13T03:36:24.058Z: Click coordinates: (886.00, 345.00)
2025-09-13T03:36:24.059Z: Velocity: (-2.06, -4.82)
2025-09-13T03:36:24.059Z: Splat created with raw coordinates (no compensation)
2025-09-13T03:36:27.324Z: Click coordinates: (886.00, 345.00)
2025-09-13T03:36:27.324Z: Velocity: (-1.32, 1.35)
2025-09-13T03:36:27.324Z: Splat created with raw coordinates (no compensation)
2025-09-13T03:36:28.075Z: Click coordinates: (886.00, 345.00)
2025-09-13T03:36:28.075Z: Velocity: (4.94, -5.66)
2025-09-13T03:36:28.076Z: Splat created with raw coordinates (no compensation)
2025-09-13T03:36:28.774Z: Click coordinates: (886.00, 345.00)
2025-09-13T03:36:28.774Z: Velocity: (-9.77, -7.48)
2025-09-13T03:36:28.774Z: Splat created with raw coordinates (no compensation)
2025-09-13T03:36:29.685Z: Click coordinates: (886.00, 345.00)
2025-09-13T03:36:29.686Z: Velocity: (-9.97, 6.74)
2025-09-13T03:36:29.687Z: Splat created with raw coordinates (no compensation)
2025-09-13T03:36:35.705Z: Click coordinates: (886.00, 345.00)
2025-09-13T03:36:35.705Z: Velocity: (-3.64, -2.44)
2025-09-13T03:36:35.706Z: Splat created with raw coordinates (no compensation)
2025-09-13T03:36:40.055Z: Click coordinates: (880.00, 343.00)
2025-09-13T03:36:40.055Z: Velocity: (-6.55, -7.59)
2025-09-13T03:36:40.056Z: Splat created with raw coordinates (no compensation)
2025-09-13T03:36:48.731Z: Click coordinates: (880.00, 343.00)
2025-09-13T03:36:48.732Z: Velocity: (-0.99, -0.16)
2025-09-13T03:36:48.732Z: Splat created with raw coordinates (no compensation)
2025-09-13T03:36:48.928Z: Click coordinates: (880.00, 343.00)
2025-09-13T03:36:48.930Z: Velocity: (2.56, -2.80)
2025-09-13T03:36:48.931Z: Splat created with raw coordinates (no compensation)
2025-09-13T03:36:49.204Z: Click coordinates: (880.00, 343.00)
2025-09-13T03:36:49.204Z: Velocity: (7.61, -2.32)
2025-09-13T03:36:49.205Z: Splat created with raw coordinates (no compensation)
2025-09-13T03:36:49.418Z: Click coordinates: (880.00, 343.00)
2025-09-13T03:36:49.419Z: Velocity: (-5.50, -8.86)
2025-09-13T03:36:49.419Z: Splat created with raw coordinates (no compensation)
2025-09-13T03:36:49.618Z: Click coordinates: (880.00, 343.00)
2025-09-13T03:36:49.618Z: Velocity: (-1.11, -6.23)
2025-09-13T03:36:49.619Z: Splat created with raw coordinates (no compensation)
2025-09-13T03:36:49.816Z: Click coordinates: (880.00, 343.00)
2025-09-13T03:36:49.816Z: Velocity: (-4.31, -0.12)
2025-09-13T03:36:49.816Z: Splat created with raw coordinates (no compensation)
2025-09-13T03:36:50.015Z: Click coordinates: (880.00, 343.00)
2025-09-13T03:36:50.016Z: Velocity: (-4.45, 5.28)
2025-09-13T03:36:50.016Z: Splat created with raw coordinates (no compensation)
2025-09-13T03:36:56.550Z: Click coordinates: (880.00, 343.00)
2025-09-13T03:36:56.551Z: Velocity: (-1.38, -8.81)
2025-09-13T03:36:56.551Z: Splat created with raw coordinates (no compensation)
2025-09-13T03:36:56.848Z: Click coordinates: (880.00, 343.00)
2025-09-13T03:36:56.848Z: Velocity: (-9.92, 0.68)
2025-09-13T03:36:56.849Z: Splat created with raw coordinates (no compensation)
2025-09-13T03:36:57.047Z: Click coordinates: (880.00, 343.00)
2025-09-13T03:36:57.048Z: Velocity: (9.28, 8.27)
2025-09-13T03:36:57.048Z: Splat created with raw coordinates (no compensation)
2025-09-13T03:36:57.235Z: Click coordinates: (880.00, 343.00)
2025-09-13T03:36:57.235Z: Velocity: (3.50, 9.04)
2025-09-13T03:36:57.236Z: Splat created with raw coordinates (no compensation)
2025-09-13T03:36:57.430Z: Click coordinates: (880.00, 344.00)
2025-09-13T03:36:57.431Z: Velocity: (-7.62, 8.93)
2025-09-13T03:36:57.431Z: Splat created with raw coordinates (no compensation)
2025-09-13T03:36:57.630Z: Click coordinates: (880.00, 347.00)
2025-09-13T03:36:57.630Z: Velocity: (0.53, 2.23)
2025-09-13T03:36:57.630Z: Splat created with raw coordinates (no compensation)
2025-09-13T03:36:57.800Z: Click coordinates: (880.00, 354.00)
2025-09-13T03:36:57.800Z: Velocity: (-4.57, -1.43)
2025-09-13T03:36:57.800Z: Splat created with raw coordinates (no compensation)
2025-09-13T03:37:58.308Z: Click coordinates: (890.00, 334.00)
2025-09-13T03:37:58.308Z: Velocity: (-1.41, -0.99)
2025-09-13T03:37:58.309Z: Splat created with raw coordinates (no compensation)
2025-09-13T03:37:59.513Z: Click coordinates: (890.00, 336.00)
2025-09-13T03:37:59.513Z: Velocity: (6.10, 2.30)
2025-09-13T03:37:59.513Z: Splat created with raw coordinates (no compensation)
2025-09-13T03:38:00.367Z: Click coordinates: (890.00, 336.00)
2025-09-13T03:38:00.367Z: Velocity: (4.06, -9.78)
2025-09-13T03:38:00.368Z: Splat created with raw coordinates (no compensation)
2025-09-13T03:38:37.087Z: Click coordinates: (1072.00, 352.00)
2025-09-13T03:38:37.087Z: Velocity: (-7.91, 1.40)
2025-09-13T03:38:37.087Z: Splat created with raw coordinates (no compensation)
2025-09-13T03:38:39.146Z: Attempting to save debug log...
2025-09-13T03:38:39.321Z: Debug log saved successfully: undefined
2025-09-13T03:38:45.368Z: Attempting to save debug log...