2025-09-13T03:00:55.435Z: === FLUID DEBUG SESSION START ===
2025-09-13T03:00:55.437Z: Container dimensions: 1272x674
2025-09-13T03:00:55.452Z: WebGL context created successfully
2025-09-13T03:00:55.497Z: webgl-fluid-enhanced library loaded successfully
2025-09-13T03:00:55.498Z: Creating fluid instance with container
2025-09-13T03:00:55.573Z: Fluid instance created successfully
2025-09-13T03:00:55.573Z: Setting config: {
  "simResolution": 128,
  "dyeResolution": 256,
  "velocityDissipation": 0.9,
  "densityDissipation": 0.3,
  "pressure": 0.2,
  "curl": 5,
  "splatRadius": 0.01,
  "splatForce": 50,
  "colorPalette": [
    "#ff3366"
  ],
  "colorful": false,
  "colorUpdateSpeed": 0,
  "brightness": 0.8,
  "transparent": false,
  "hover": false,
  "backgroundColor": "#000000"
}
2025-09-13T03:00:55.573Z: Config applied successfully
2025-09-13T03:00:55.573Z: Starting fluid simulation
2025-09-13T03:01:06.725Z: Click at (12.00, 356.00) with velocity (2.75, -7.39)
2025-09-13T03:01:06.726Z: Splat injection completed
2025-09-13T03:01:17.144Z: Debug log saved to project root